<?xml version="1.0" encoding="UTF-8"?>
<!-- Generated by org.testng.reporters.JUnitXMLReporter -->
<testsuite ignored="0" hostname="DESKTOP-IPELP4C" failures="0" tests="8" name="Default test" time="33.256" errors="0" timestamp="2024-07-13T22:48:40 EET">
  <testcase classname="TestEducationalsite" name="theTestInput" time="4.774"/>
  <testcase classname="TestEducationalsite" name="theTestInput" time="5.285"/>
  <testcase classname="TestEducationalsite" name="theTestInput" time="5.73"/>
  <testcase classname="TestEducationalsite" name="theTestInput" time="4.478"/>
  <testcase classname="TestEducationalsite" name="TestRandomData" time="2.998"/>
  <testcase classname="TestEducationalsite" name="TestRandomData" time="2.684"/>
  <testcase classname="TestEducationalsite" name="TestRandomData" time="2.67"/>
  <testcase classname="TestEducationalsite" name="TestRandomData" time="2.716"/>
</testsuite> <!-- Default test -->
